vips
	CPU: 1
		numReadMissesServicedByOthers: 22425, 22425
		numInvalidatesSent: 20266, 16148
		numWriteMisses: 20266, 16148
		numReadOnInvalidMisses: 0, 0
		numWriteOnInvalidMisses: 0, 0
		numWriteOnSharedMisses: 4350, 232
		numReadHits: 2606754, 2606754
		numReadMissesServicedByShared: 22176, 18501
		CPUId: 1, 1
		numReadRequestsSent: 80166, 80166
		numReadMisses: 80166, 80166
		numReadMissesServicedByModified: 249, 249
		numWriteHits: 807972, 812090
	CPU: 0
		numReadMissesServicedByOthers: 8420, 8420
		numInvalidatesSent: 821273, 814070
		numWriteMisses: 821273, 814070
		numReadOnInvalidMisses: 0, 0
		numWriteOnInvalidMisses: 0, 0
		numWriteOnSharedMisses: 7836, 633
		numReadHits: 19938365, 19938365
		numReadMissesServicedByShared: 7853, 6407
		CPUId: 0, 0
		numReadRequestsSent: 120927, 120927
		numReadMisses: 120927, 120927
		numReadMissesServicedByModified: 567, 567
		numWriteHits: 8395119, 8402322
	CPU: 3
		numReadMissesServicedByOthers: 25102, 25102
		numInvalidatesSent: 18213, 14662
		numWriteMisses: 18213, 14662
		numReadOnInvalidMisses: 0, 0
		numWriteOnInvalidMisses: 0, 0
		numWriteOnSharedMisses: 3747, 196
		numReadHits: 2329287, 2329287
		numReadMissesServicedByShared: 24894, 22230
		CPUId: 3, 3
		numReadRequestsSent: 71080, 71080
		numReadMisses: 71080, 71080
		numReadMissesServicedByModified: 208, 208
		numWriteHits: 723079, 726630
	CPU: 2
		numReadMissesServicedByOthers: 31473, 31473
		numInvalidatesSent: 20110, 16006
		numWriteMisses: 20110, 16006
		numReadOnInvalidMisses: 0, 0
		numWriteOnInvalidMisses: 0, 0
		numWriteOnSharedMisses: 4356, 252
		numReadHits: 2616423, 2616423
		numReadMissesServicedByShared: 31202, 27502
		CPUId: 2, 2
		numReadRequestsSent: 79108, 79108
		numReadMisses: 79108, 79108
		numReadMissesServicedByModified: 271, 271
		numWriteHits: 810164, 814268
swaptions
	CPU: 1
		numReadMissesServicedByOthers: 458, 458
		numInvalidatesSent: 569, 515
		numWriteMisses: 569, 515
		numReadOnInvalidMisses: 0, 0
		numWriteOnInvalidMisses: 0, 0
		numWriteOnSharedMisses: 60, 6
		numReadHits: 55702, 55702
		numReadMissesServicedByShared: 441, 137
		CPUId: 1, 1
		numReadRequestsSent: 668, 668
		numReadMisses: 668, 668
		numReadMissesServicedByModified: 17, 17
		numWriteHits: 15735, 15789
	CPU: 0
		numReadMissesServicedByOthers: 232, 232
		numInvalidatesSent: 2712, 2384
		numWriteMisses: 2712, 2384
		numReadOnInvalidMisses: 0, 0
		numWriteOnInvalidMisses: 0, 0
		numWriteOnSharedMisses: 356, 28
		numReadHits: 390816, 390816
		numReadMissesServicedByShared: 219, 83
		CPUId: 0, 0
		numReadRequestsSent: 9843, 9843
		numReadMisses: 9843, 9843
		numReadMissesServicedByModified: 13, 13
		numWriteHits: 134280, 134608
	CPU: 3
		numReadMissesServicedByOthers: 533, 533
		numInvalidatesSent: 555, 509
		numWriteMisses: 555, 509
		numReadOnInvalidMisses: 0, 0
		numWriteOnInvalidMisses: 0, 0
		numWriteOnSharedMisses: 52, 6
		numReadHits: 55386, 55386
		numReadMissesServicedByShared: 511, 460
		CPUId: 3, 3
		numReadRequestsSent: 620, 620
		numReadMisses: 620, 620
		numReadMissesServicedByModified: 22, 22
		numWriteHits: 15622, 15668
	CPU: 2
		numReadMissesServicedByOthers: 523, 523
		numInvalidatesSent: 561, 510
		numWriteMisses: 561, 510
		numReadOnInvalidMisses: 0, 0
		numWriteOnInvalidMisses: 0, 0
		numWriteOnSharedMisses: 57, 6
		numReadHits: 55400, 55400
		numReadMissesServicedByShared: 506, 453
		CPUId: 2, 2
		numReadRequestsSent: 629, 629
		numReadMisses: 629, 629
		numReadMissesServicedByModified: 17, 17
		numWriteHits: 15630, 15681
blackscholes
	CPU: 1
		numReadMissesServicedByOthers: 143, 143
		numInvalidatesSent: 132, 131
		numWriteMisses: 132, 131
		numReadOnInvalidMisses: 0, 0
		numWriteOnInvalidMisses: 0, 0
		numWriteOnSharedMisses: 7, 6
		numReadHits: 15452, 15452
		numReadMissesServicedByShared: 127, 53
		CPUId: 1, 1
		numReadRequestsSent: 171, 171
		numReadMisses: 171, 171
		numReadMissesServicedByModified: 16, 16
		numWriteHits: 6632, 6633
	CPU: 0
		numReadMissesServicedByOthers: 56, 56
		numInvalidatesSent: 1034, 934
		numWriteMisses: 1034, 934
		numReadOnInvalidMisses: 0, 0
		numWriteOnInvalidMisses: 0, 0
		numWriteOnSharedMisses: 114, 14
		numReadHits: 83394, 83394
		numReadMissesServicedByShared: 48, 37
		CPUId: 0, 0
		numReadRequestsSent: 2901, 2901
		numReadMisses: 2901, 2901
		numReadMissesServicedByModified: 8, 8
		numWriteHits: 31851, 31951
	CPU: 3
		numReadMissesServicedByOthers: 151, 151
		numInvalidatesSent: 129, 128
		numWriteMisses: 129, 128
		numReadOnInvalidMisses: 0, 0
		numWriteOnInvalidMisses: 0, 0
		numWriteOnSharedMisses: 4, 3
		numReadHits: 14399, 14399
		numReadMissesServicedByShared: 144, 110
		CPUId: 3, 3
		numReadRequestsSent: 157, 157
		numReadMisses: 157, 157
		numReadMissesServicedByModified: 7, 7
		numWriteHits: 6521, 6522
	CPU: 2
		numReadMissesServicedByOthers: 131, 131
		numInvalidatesSent: 130, 129
		numWriteMisses: 130, 129
		numReadOnInvalidMisses: 0, 0
		numWriteOnInvalidMisses: 0, 0
		numWriteOnSharedMisses: 6, 5
		numReadHits: 15145, 15145
		numReadMissesServicedByShared: 121, 82
		CPUId: 2, 2
		numReadRequestsSent: 163, 163
		numReadMisses: 163, 163
		numReadMissesServicedByModified: 10, 10
		numWriteHits: 6520, 6521
fluidanimate
	CPU: 1
		numReadMissesServicedByOthers: 2818, 2818
		numInvalidatesSent: 5700, 3556
		numWriteMisses: 5700, 3556
		numReadOnInvalidMisses: 0, 0
		numWriteOnInvalidMisses: 0, 0
		numWriteOnSharedMisses: 3296, 1152
		numReadHits: 2624326, 2624326
		numReadMissesServicedByShared: 1657, 900
		CPUId: 1, 1
		numReadRequestsSent: 9056, 9056
		numReadMisses: 9056, 9056
		numReadMissesServicedByModified: 1161, 1161
		numWriteHits: 397827, 399971
	CPU: 0
		numReadMissesServicedByOthers: 3401, 3401
		numInvalidatesSent: 49979, 29427
		numWriteMisses: 49979, 29427
		numReadOnInvalidMisses: 0, 0
		numWriteOnInvalidMisses: 0, 0
		numWriteOnSharedMisses: 21320, 768
		numReadHits: 8879819, 8879819
		numReadMissesServicedByShared: 1337, 1271
		CPUId: 0, 0
		numReadRequestsSent: 43671, 43671
		numReadMisses: 43671, 43671
		numReadMissesServicedByModified: 2064, 2064
		numWriteHits: 3303496, 3324048
	CPU: 3
		numReadMissesServicedByOthers: 2196, 2196
		numInvalidatesSent: 5393, 3110
		numWriteMisses: 5393, 3110
		numReadOnInvalidMisses: 0, 0
		numWriteOnInvalidMisses: 0, 0
		numWriteOnSharedMisses: 3135, 852
		numReadHits: 2566277, 2566277
		numReadMissesServicedByShared: 1298, 992
		CPUId: 3, 3
		numReadRequestsSent: 9660, 9660
		numReadMisses: 9660, 9660
		numReadMissesServicedByModified: 898, 898
		numWriteHits: 437816, 440099
	CPU: 2
		numReadMissesServicedByOthers: 2331, 2331
		numInvalidatesSent: 5112, 2973
		numWriteMisses: 5112, 2973
		numReadOnInvalidMisses: 0, 0
		numWriteOnInvalidMisses: 0, 0
		numWriteOnSharedMisses: 3029, 890
		numReadHits: 2591425, 2591425
		numReadMissesServicedByShared: 1320, 695
		CPUId: 2, 2
		numReadRequestsSent: 7969, 7969
		numReadMisses: 7969, 7969
		numReadMissesServicedByModified: 1011, 1011
		numWriteHits: 418074, 420213
canneal
	CPU: 1
		numReadMissesServicedByOthers: 174, 174
		numInvalidatesSent: 149, 71
		numWriteMisses: 149, 71
		numReadOnInvalidMisses: 0, 0
		numWriteOnInvalidMisses: 0, 0
		numWriteOnSharedMisses: 88, 10
		numReadHits: 4528, 4528
		numReadMissesServicedByShared: 146, 63
		CPUId: 1, 1
		numReadRequestsSent: 300, 300
		numReadMisses: 300, 300
		numReadMissesServicedByModified: 28, 28
		numWriteHits: 2322, 2400
	CPU: 0
		numReadMissesServicedByOthers: 117, 117
		numInvalidatesSent: 2545, 2044
		numWriteMisses: 2545, 2044
		numReadOnInvalidMisses: 0, 0
		numWriteOnInvalidMisses: 0, 0
		numWriteOnSharedMisses: 531, 30
		numReadHits: 394533, 394533
		numReadMissesServicedByShared: 100, 81
		CPUId: 0, 0
		numReadRequestsSent: 10584, 10584
		numReadMisses: 10584, 10584
		numReadMissesServicedByModified: 17, 17
		numWriteHits: 142668, 143169
	CPU: 3
		numReadMissesServicedByOthers: 192, 192
		numInvalidatesSent: 156, 77
		numWriteMisses: 156, 77
		numReadOnInvalidMisses: 0, 0
		numWriteOnInvalidMisses: 0, 0
		numWriteOnSharedMisses: 90, 11
		numReadHits: 4258, 4258
		numReadMissesServicedByShared: 174, 132
		CPUId: 3, 3
		numReadRequestsSent: 300, 300
		numReadMisses: 300, 300
		numReadMissesServicedByModified: 18, 18
		numWriteHits: 2275, 2354
	CPU: 2
		numReadMissesServicedByOthers: 184, 184
		numInvalidatesSent: 151, 69
		numWriteMisses: 151, 69
		numReadOnInvalidMisses: 0, 0
		numWriteOnInvalidMisses: 0, 0
		numWriteOnSharedMisses: 89, 7
		numReadHits: 3925, 3925
		numReadMissesServicedByShared: 166, 129
		CPUId: 2, 2
		numReadRequestsSent: 289, 289
		numReadMisses: 289, 289
		numReadMissesServicedByModified: 18, 18
		numWriteHits: 2154, 2236
dedup
	CPU: 1
		numReadMissesServicedByOthers: 173, 173
		numInvalidatesSent: 216, 203
		numWriteMisses: 216, 203
		numReadOnInvalidMisses: 0, 0
		numWriteOnInvalidMisses: 0, 0
		numWriteOnSharedMisses: 53, 40
		numReadHits: 1863, 1863
		numReadMissesServicedByShared: 113, 38
		CPUId: 1, 1
		numReadRequestsSent: 235, 235
		numReadMisses: 235, 235
		numReadMissesServicedByModified: 60, 60
		numWriteHits: 1666, 1679
	CPU: 0
		numReadMissesServicedByOthers: 130, 130
		numInvalidatesSent: 19801397, 19801240
		numWriteMisses: 19801397, 19801240
		numReadOnInvalidMisses: 0, 0
		numWriteOnInvalidMisses: 0, 0
		numWriteOnSharedMisses: 226, 69
		numReadHits: 649245, 649245
		numReadMissesServicedByShared: 74, 45
		CPUId: 0, 0
		numReadRequestsSent: 3393, 3393
		numReadMisses: 3393, 3393
		numReadMissesServicedByModified: 56, 56
		numWriteHits: 59864757, 59864914
	CPU: 3
		numReadMissesServicedByOthers: 262, 262
		numInvalidatesSent: 1326, 1257
		numWriteMisses: 1326, 1257
		numReadOnInvalidMisses: 0, 0
		numWriteOnInvalidMisses: 0, 0
		numWriteOnSharedMisses: 113, 44
		numReadHits: 5245, 5245
		numReadMissesServicedByShared: 195, 168
		CPUId: 3, 3
		numReadRequestsSent: 388, 388
		numReadMisses: 388, 388
		numReadMissesServicedByModified: 67, 67
		numWriteHits: 6855, 6924
	CPU: 2
		numReadMissesServicedByOthers: 152, 152
		numInvalidatesSent: 159, 156
		numWriteMisses: 159, 156
		numReadOnInvalidMisses: 0, 0
		numWriteOnInvalidMisses: 0, 0
		numWriteOnSharedMisses: 41, 38
		numReadHits: 1102, 1102
		numReadMissesServicedByShared: 100, 80
		CPUId: 2, 2
		numReadRequestsSent: 176, 176
		numReadMisses: 176, 176
		numReadMissesServicedByModified: 52, 52
		numWriteHits: 985, 988
bodytrack
	CPU: 1
		numReadMissesServicedByOthers: 9430, 9430
		numInvalidatesSent: 133867, 132584
		numWriteMisses: 133867, 132584
		numReadOnInvalidMisses: 0, 0
		numWriteOnInvalidMisses: 0, 0
		numWriteOnSharedMisses: 1826, 543
		numReadHits: 18139480, 18139480
		numReadMissesServicedByShared: 8567, 2090
		CPUId: 1, 1
		numReadRequestsSent: 123853, 123853
		numReadMisses: 123853, 123853
		numReadMissesServicedByModified: 863, 863
		numWriteHits: 1572373, 1573656
	CPU: 0
		numReadMissesServicedByOthers: 6781, 6781
		numInvalidatesSent: 202660, 158216
		numWriteMisses: 202660, 158216
		numReadOnInvalidMisses: 0, 0
		numWriteOnInvalidMisses: 0, 0
		numWriteOnSharedMisses: 45064, 620
		numReadHits: 33656224, 33656224
		numReadMissesServicedByShared: 6180, 478
		CPUId: 0, 0
		numReadRequestsSent: 207378, 207378
		numReadMisses: 207378, 207378
		numReadMissesServicedByModified: 601, 601
		numWriteHits: 5255900, 5300344
	CPU: 3
		numReadMissesServicedByOthers: 5145, 5145
		numInvalidatesSent: 14940, 14887
		numWriteMisses: 14940, 14887
		numReadOnInvalidMisses: 0, 0
		numWriteOnInvalidMisses: 0, 0
		numWriteOnSharedMisses: 547, 494
		numReadHits: 12031039, 12031039
		numReadMissesServicedByShared: 4522, 246
		CPUId: 3, 3
		numReadRequestsSent: 20123, 20123
		numReadMisses: 20123, 20123
		numReadMissesServicedByModified: 623, 623
		numWriteHits: 893837, 893890
	CPU: 2
		numReadMissesServicedByOthers: 7859, 7859
		numInvalidatesSent: 15370, 15294
		numWriteMisses: 15370, 15294
		numReadOnInvalidMisses: 0, 0
		numWriteOnInvalidMisses: 0, 0
		numWriteOnSharedMisses: 575, 499
		numReadHits: 12253841, 12253841
		numReadMissesServicedByShared: 7186, 2076
		CPUId: 2, 2
		numReadRequestsSent: 24981, 24981
		numReadMisses: 24981, 24981
		numReadMissesServicedByModified: 673, 673
		numWriteHits: 918134, 918210
ferret
	CPU: 1
		numReadMissesServicedByOthers: 1562, 1562
		numInvalidatesSent: 98196, 55365
		numWriteMisses: 98196, 55365
		numReadOnInvalidMisses: 0, 0
		numWriteOnInvalidMisses: 0, 0
		numWriteOnSharedMisses: 42990, 159
		numReadHits: 5413775, 5413775
		numReadMissesServicedByShared: 1303, 1099
		CPUId: 1, 1
		numReadRequestsSent: 150849, 150849
		numReadMisses: 150849, 150849
		numReadMissesServicedByModified: 259, 259
		numWriteHits: 1989775, 2032606
	CPU: 0
		numReadMissesServicedByOthers: 471, 471
		numInvalidatesSent: 5434, 3551
		numWriteMisses: 5434, 3551
		numReadOnInvalidMisses: 0, 0
		numWriteOnInvalidMisses: 0, 0
		numWriteOnSharedMisses: 1992, 109
		numReadHits: 2263506, 2263506
		numReadMissesServicedByShared: 390, 340
		CPUId: 0, 0
		numReadRequestsSent: 8105, 8105
		numReadMisses: 8105, 8105
		numReadMissesServicedByModified: 81, 81
		numWriteHits: 901540, 903423
	CPU: 3
		numReadMissesServicedByOthers: 415, 415
		numInvalidatesSent: 402, 329
		numWriteMisses: 402, 329
		numReadOnInvalidMisses: 0, 0
		numWriteOnInvalidMisses: 0, 0
		numWriteOnSharedMisses: 152, 79
		numReadHits: 22263, 22263
		numReadMissesServicedByShared: 322, 285
		CPUId: 3, 3
		numReadRequestsSent: 546, 546
		numReadMisses: 546, 546
		numReadMissesServicedByModified: 93, 93
		numWriteHits: 10421, 10494
	CPU: 2
		numReadMissesServicedByOthers: 1014, 1014
		numInvalidatesSent: 2570, 2322
		numWriteMisses: 2570, 2322
		numReadOnInvalidMisses: 0, 0
		numWriteOnInvalidMisses: 0, 0
		numWriteOnSharedMisses: 375, 127
		numReadHits: 912752, 912752
		numReadMissesServicedByShared: 623, 494
		CPUId: 2, 2
		numReadRequestsSent: 2912, 2912
		numReadMisses: 2912, 2912
		numReadMissesServicedByModified: 391, 391
		numWriteHits: 346393, 346641
freqmine
	CPU: 1
		numReadMissesServicedByOthers: 0, 0
		numInvalidatesSent: 0, 0
		numWriteMisses: 0, 0
		numReadOnInvalidMisses: 0, 0
		numWriteOnInvalidMisses: 0, 0
		numWriteOnSharedMisses: 0, 0
		numReadHits: 0, 0
		numReadMissesServicedByShared: 0, 0
		CPUId: 1, 1
		numReadRequestsSent: 0, 0
		numReadMisses: 0, 0
		numReadMissesServicedByModified: 0, 0
		numWriteHits: 0, 0
	CPU: 0
		numReadMissesServicedByOthers: 0, 0
		numInvalidatesSent: 187615, 146833
		numWriteMisses: 187615, 146833
		numReadOnInvalidMisses: 0, 0
		numWriteOnInvalidMisses: 0, 0
		numWriteOnSharedMisses: 40782, 0
		numReadHits: 3857626, 3857626
		numReadMissesServicedByShared: 0, 0
		CPUId: 0, 0
		numReadRequestsSent: 62693, 62693
		numReadMisses: 62693, 62693
		numReadMissesServicedByModified: 0, 0
		numWriteHits: 2567984, 2608766
	CPU: 3
		numReadMissesServicedByOthers: 0, 0
		numInvalidatesSent: 0, 0
		numWriteMisses: 0, 0
		numReadOnInvalidMisses: 0, 0
		numWriteOnInvalidMisses: 0, 0
		numWriteOnSharedMisses: 0, 0
		numReadHits: 0, 0
		numReadMissesServicedByShared: 0, 0
		CPUId: 3, 3
		numReadRequestsSent: 0, 0
		numReadMisses: 0, 0
		numReadMissesServicedByModified: 0, 0
		numWriteHits: 0, 0
	CPU: 2
		numReadMissesServicedByOthers: 0, 0
		numInvalidatesSent: 0, 0
		numWriteMisses: 0, 0
		numReadOnInvalidMisses: 0, 0
		numWriteOnInvalidMisses: 0, 0
		numWriteOnSharedMisses: 0, 0
		numReadHits: 0, 0
		numReadMissesServicedByShared: 0, 0
		CPUId: 2, 2
		numReadRequestsSent: 0, 0
		numReadMisses: 0, 0
		numReadMissesServicedByModified: 0, 0
		numWriteHits: 0, 0
facesim
	CPU: 1
		numReadMissesServicedByOthers: 0, 0
		numInvalidatesSent: 0, 0
		numWriteMisses: 0, 0
		numReadOnInvalidMisses: 0, 0
		numWriteOnInvalidMisses: 0, 0
		numWriteOnSharedMisses: 0, 0
		numReadHits: 0, 0
		numReadMissesServicedByShared: 0, 0
		CPUId: 1, 1
		numReadRequestsSent: 0, 0
		numReadMisses: 0, 0
		numReadMissesServicedByModified: 0, 0
		numWriteHits: 0, 0
	CPU: 0
		numReadMissesServicedByOthers: 0, 0
		numInvalidatesSent: 2237, 1887
		numWriteMisses: 2237, 1887
		numReadOnInvalidMisses: 0, 0
		numWriteOnInvalidMisses: 0, 0
		numWriteOnSharedMisses: 350, 0
		numReadHits: 362243, 362243
		numReadMissesServicedByShared: 0, 0
		CPUId: 0, 0
		numReadRequestsSent: 10296, 10296
		numReadMisses: 10296, 10296
		numReadMissesServicedByModified: 0, 0
		numWriteHits: 126434, 126784
	CPU: 3
		numReadMissesServicedByOthers: 0, 0
		numInvalidatesSent: 0, 0
		numWriteMisses: 0, 0
		numReadOnInvalidMisses: 0, 0
		numWriteOnInvalidMisses: 0, 0
		numWriteOnSharedMisses: 0, 0
		numReadHits: 0, 0
		numReadMissesServicedByShared: 0, 0
		CPUId: 3, 3
		numReadRequestsSent: 0, 0
		numReadMisses: 0, 0
		numReadMissesServicedByModified: 0, 0
		numWriteHits: 0, 0
	CPU: 2
		numReadMissesServicedByOthers: 0, 0
		numInvalidatesSent: 0, 0
		numWriteMisses: 0, 0
		numReadOnInvalidMisses: 0, 0
		numWriteOnInvalidMisses: 0, 0
		numWriteOnSharedMisses: 0, 0
		numReadHits: 0, 0
		numReadMissesServicedByShared: 0, 0
		CPUId: 2, 2
		numReadRequestsSent: 0, 0
		numReadMisses: 0, 0
		numReadMissesServicedByModified: 0, 0
		numWriteHits: 0, 0
x264
	CPU: 1
		numReadMissesServicedByOthers: 0, 0
		numInvalidatesSent: 0, 0
		numWriteMisses: 0, 0
		numReadOnInvalidMisses: 0, 0
		numWriteOnInvalidMisses: 0, 0
		numWriteOnSharedMisses: 0, 0
		numReadHits: 0, 0
		numReadMissesServicedByShared: 0, 0
		CPUId: 1, 1
		numReadRequestsSent: 0, 0
		numReadMisses: 0, 0
		numReadMissesServicedByModified: 0, 0
		numWriteHits: 0, 0
	CPU: 0
		numReadMissesServicedByOthers: 0, 0
		numInvalidatesSent: 3884, 3346
		numWriteMisses: 3884, 3346
		numReadOnInvalidMisses: 0, 0
		numWriteOnInvalidMisses: 0, 0
		numWriteOnSharedMisses: 538, 0
		numReadHits: 132186, 132186
		numReadMissesServicedByShared: 0, 0
		CPUId: 0, 0
		numReadRequestsSent: 4480, 4480
		numReadMisses: 4480, 4480
		numReadMissesServicedByModified: 0, 0
		numWriteHits: 58275, 58813
	CPU: 3
		numReadMissesServicedByOthers: 0, 0
		numInvalidatesSent: 0, 0
		numWriteMisses: 0, 0
		numReadOnInvalidMisses: 0, 0
		numWriteOnInvalidMisses: 0, 0
		numWriteOnSharedMisses: 0, 0
		numReadHits: 0, 0
		numReadMissesServicedByShared: 0, 0
		CPUId: 3, 3
		numReadRequestsSent: 0, 0
		numReadMisses: 0, 0
		numReadMissesServicedByModified: 0, 0
		numWriteHits: 0, 0
	CPU: 2
		numReadMissesServicedByOthers: 0, 0
		numInvalidatesSent: 0, 0
		numWriteMisses: 0, 0
		numReadOnInvalidMisses: 0, 0
		numWriteOnInvalidMisses: 0, 0
		numWriteOnSharedMisses: 0, 0
		numReadHits: 0, 0
		numReadMissesServicedByShared: 0, 0
		CPUId: 2, 2
		numReadRequestsSent: 0, 0
		numReadMisses: 0, 0
		numReadMissesServicedByModified: 0, 0
		numWriteHits: 0, 0
streamcluster
	CPU: 1
		numReadMissesServicedByOthers: 10394, 10394
		numInvalidatesSent: 7407, 7404
		numWriteMisses: 7407, 7404
		numReadOnInvalidMisses: 0, 0
		numWriteOnInvalidMisses: 0, 0
		numWriteOnSharedMisses: 7100, 7097
		numReadHits: 150521, 150521
		numReadMissesServicedByShared: 3676, 3581
		CPUId: 1, 1
		numReadRequestsSent: 10468, 10468
		numReadMisses: 10468, 10468
		numReadMissesServicedByModified: 6718, 6718
		numWriteHits: 66291, 66294
	CPU: 0
		numReadMissesServicedByOthers: 10404, 10404
		numInvalidatesSent: 9411, 9112
		numWriteMisses: 9411, 9112
		numReadOnInvalidMisses: 0, 0
		numWriteOnInvalidMisses: 0, 0
		numWriteOnSharedMisses: 7128, 6829
		numReadHits: 479604, 479604
		numReadMissesServicedByShared: 3759, 3725
		CPUId: 0, 0
		numReadRequestsSent: 19873, 19873
		numReadMisses: 19873, 19873
		numReadMissesServicedByModified: 6645, 6645
		numWriteHits: 178323, 178622
	CPU: 3
		numReadMissesServicedByOthers: 11398, 11398
		numInvalidatesSent: 6943, 6942
		numWriteMisses: 6943, 6942
		numReadOnInvalidMisses: 0, 0
		numWriteOnInvalidMisses: 0, 0
		numWriteOnSharedMisses: 6542, 6541
		numReadHits: 149749, 149749
		numReadMissesServicedByShared: 3994, 3974
		CPUId: 3, 3
		numReadRequestsSent: 11407, 11407
		numReadMisses: 11407, 11407
		numReadMissesServicedByModified: 7404, 7404
		numWriteHits: 64806, 64807
	CPU: 2
		numReadMissesServicedByOthers: 10639, 10639
		numInvalidatesSent: 7382, 7372
		numWriteMisses: 7382, 7372
		numReadOnInvalidMisses: 0, 0
		numWriteOnInvalidMisses: 0, 0
		numWriteOnSharedMisses: 7003, 6993
		numReadHits: 131879, 131879
		numReadMissesServicedByShared: 3773, 3705
		CPUId: 2, 2
		numReadRequestsSent: 10686, 10686
		numReadMisses: 10686, 10686
		numReadMissesServicedByModified: 6866, 6866
		numWriteHits: 56271, 56281
raytrace
	CPU: 1
		numReadMissesServicedByOthers: 220, 220
		numInvalidatesSent: 47, 46
		numWriteMisses: 47, 46
		numReadOnInvalidMisses: 0, 0
		numWriteOnInvalidMisses: 0, 0
		numWriteOnSharedMisses: 21, 20
		numReadHits: 2740, 2740
		numReadMissesServicedByShared: 197, 64
		CPUId: 1, 1
		numReadRequestsSent: 247, 247
		numReadMisses: 247, 247
		numReadMissesServicedByModified: 23, 23
		numWriteHits: 1242, 1243
	CPU: 0
		numReadMissesServicedByOthers: 91, 91
		numInvalidatesSent: 3999, 3330
		numWriteMisses: 3999, 3330
		numReadOnInvalidMisses: 0, 0
		numWriteOnInvalidMisses: 0, 0
		numWriteOnSharedMisses: 693, 24
		numReadHits: 987976, 987976
		numReadMissesServicedByShared: 73, 67
		CPUId: 0, 0
		numReadRequestsSent: 20615, 20615
		numReadMisses: 20615, 20615
		numReadMissesServicedByModified: 18, 18
		numWriteHits: 405274, 405943
	CPU: 3
		numReadMissesServicedByOthers: 205, 205
		numInvalidatesSent: 49, 46
		numWriteMisses: 49, 46
		numReadOnInvalidMisses: 0, 0
		numWriteOnInvalidMisses: 0, 0
		numWriteOnSharedMisses: 24, 21
		numReadHits: 2002, 2002
		numReadMissesServicedByShared: 184, 174
		CPUId: 3, 3
		numReadRequestsSent: 227, 227
		numReadMisses: 227, 227
		numReadMissesServicedByModified: 21, 21
		numWriteHits: 791, 794
	CPU: 2
		numReadMissesServicedByOthers: 211, 211
		numInvalidatesSent: 47, 46
		numWriteMisses: 47, 46
		numReadOnInvalidMisses: 0, 0
		numWriteOnInvalidMisses: 0, 0
		numWriteOnSharedMisses: 20, 19
		numReadHits: 1790, 1790
		numReadMissesServicedByShared: 180, 128
		CPUId: 2, 2
		numReadRequestsSent: 235, 235
		numReadMisses: 235, 235
		numReadMissesServicedByModified: 31, 31
		numWriteHits: 737, 738
