vips
	CPU: 1
		numReadMissesServicedByOthers: 19558, 19558
		numInvalidatesSent: 9309, 7520
		numWriteMisses: 9309, 7520
		numReadOnInvalidMisses: 0, 0
		numWriteOnInvalidMisses: 0, 0
		numWriteOnSharedMisses: 2006, 217
		numReadHits: 1184370, 1184370
		numReadMissesServicedByShared: 19330, 18654
		CPUId: 1, 1
		numReadRequestsSent: 35636, 35636
		numReadMisses: 35636, 35636
		numReadMissesServicedByModified: 228, 228
		numWriteHits: 369606, 371395
	CPU: 0
		numReadMissesServicedByOthers: 18184, 18184
		numInvalidatesSent: 814245, 807748
		numWriteMisses: 814245, 807748
		numReadOnInvalidMisses: 0, 0
		numWriteOnInvalidMisses: 0, 0
		numWriteOnSharedMisses: 7542, 1045
		numReadHits: 18743440, 18743440
		numReadMissesServicedByShared: 17303, 16032
		CPUId: 0, 0
		numReadRequestsSent: 82230, 82230
		numReadMisses: 82230, 82230
		numReadMissesServicedByModified: 881, 881
		numWriteHits: 8031631, 8038128
	CPU: 3
		numReadMissesServicedByOthers: 25831, 25831
		numInvalidatesSent: 11593, 9349
		numWriteMisses: 11593, 9349
		numReadOnInvalidMisses: 0, 0
		numWriteOnInvalidMisses: 0, 0
		numWriteOnSharedMisses: 2434, 190
		numReadHits: 1453013, 1453013
		numReadMissesServicedByShared: 25632, 23357
		CPUId: 3, 3
		numReadRequestsSent: 44466, 44466
		numReadMisses: 44466, 44466
		numReadMissesServicedByModified: 199, 199
		numWriteHits: 451880, 454124
	CPU: 2
		numReadMissesServicedByOthers: 22819, 22819
		numInvalidatesSent: 10059, 8147
		numWriteMisses: 10059, 8147
		numReadOnInvalidMisses: 0, 0
		numWriteOnInvalidMisses: 0, 0
		numWriteOnSharedMisses: 2134, 222
		numReadHits: 1245471, 1245471
		numReadMissesServicedByShared: 22576, 20934
		CPUId: 2, 2
		numReadRequestsSent: 36749, 36749
		numReadMisses: 36749, 36749
		numReadMissesServicedByModified: 243, 243
		numWriteHits: 386965, 388877
	CPU: 5
		numReadMissesServicedByOthers: 9486, 9486
		numInvalidatesSent: 7457, 6037
		numWriteMisses: 7457, 6037
		numReadOnInvalidMisses: 0, 0
		numWriteOnInvalidMisses: 0, 0
		numWriteOnSharedMisses: 1610, 190
		numReadHits: 1056784, 1056784
		numReadMissesServicedByShared: 9288, 7519
		CPUId: 5, 5
		numReadRequestsSent: 32709, 32709
		numReadMisses: 32709, 32709
		numReadMissesServicedByModified: 198, 198
		numWriteHits: 331184, 332604
	CPU: 4
		numReadMissesServicedByOthers: 21576, 21576
		numInvalidatesSent: 11734, 9311
		numWriteMisses: 11734, 9311
		numReadOnInvalidMisses: 0, 0
		numWriteOnInvalidMisses: 0, 0
		numWriteOnSharedMisses: 2611, 188
		numReadHits: 1491528, 1491528
		numReadMissesServicedByShared: 21368, 19978
		CPUId: 4, 4
		numReadRequestsSent: 45295, 45295
		numReadMisses: 45295, 45295
		numReadMissesServicedByModified: 208, 208
		numWriteHits: 464379, 466802
	CPU: 7
		numReadMissesServicedByOthers: 9731, 9731
		numInvalidatesSent: 8075, 6664
		numWriteMisses: 8075, 6664
		numReadOnInvalidMisses: 0, 0
		numWriteOnInvalidMisses: 0, 0
		numWriteOnSharedMisses: 1618, 207
		numReadHits: 1085764, 1085764
		numReadMissesServicedByShared: 9508, 9066
		CPUId: 7, 7
		numReadRequestsSent: 33617, 33617
		numReadMisses: 33617, 33617
		numReadMissesServicedByModified: 223, 223
		numWriteHits: 339902, 341313
	CPU: 6
		numReadMissesServicedByOthers: 25473, 25473
		numInvalidatesSent: 11599, 9321
		numWriteMisses: 11599, 9321
		numReadOnInvalidMisses: 0, 0
		numWriteOnInvalidMisses: 0, 0
		numWriteOnSharedMisses: 2490, 212
		numReadHits: 1449918, 1449918
		numReadMissesServicedByShared: 25236, 23796
		CPUId: 6, 6
		numReadRequestsSent: 44279, 44279
		numReadMisses: 44279, 44279
		numReadMissesServicedByModified: 237, 237
		numWriteHits: 452890, 455168
swaptions
	CPU: 1
		numReadMissesServicedByOthers: 436, 436
		numInvalidatesSent: 579, 522
		numWriteMisses: 579, 522
		numReadOnInvalidMisses: 0, 0
		numWriteOnInvalidMisses: 0, 0
		numWriteOnSharedMisses: 66, 9
		numReadHits: 55740, 55740
		numReadMissesServicedByShared: 419, 308
		CPUId: 1, 1
		numReadRequestsSent: 638, 638
		numReadMisses: 638, 638
		numReadMissesServicedByModified: 17, 17
		numWriteHits: 15732, 15789
	CPU: 0
		numReadMissesServicedByOthers: 458, 458
		numInvalidatesSent: 2823, 2475
		numWriteMisses: 2823, 2475
		numReadOnInvalidMisses: 0, 0
		numWriteOnInvalidMisses: 0, 0
		numWriteOnSharedMisses: 385, 37
		numReadHits: 397805, 397805
		numReadMissesServicedByShared: 431, 370
		CPUId: 0, 0
		numReadRequestsSent: 9735, 9735
		numReadMisses: 9735, 9735
		numReadMissesServicedByModified: 27, 27
		numWriteHits: 138868, 139216
	CPU: 3
		numReadMissesServicedByOthers: 532, 532
		numInvalidatesSent: 556, 509
		numWriteMisses: 556, 509
		numReadOnInvalidMisses: 0, 0
		numWriteOnInvalidMisses: 0, 0
		numWriteOnSharedMisses: 54, 7
		numReadHits: 55424, 55424
		numReadMissesServicedByShared: 520, 472
		CPUId: 3, 3
		numReadRequestsSent: 608, 608
		numReadMisses: 608, 608
		numReadMissesServicedByModified: 12, 12
		numWriteHits: 15635, 15682
	CPU: 2
		numReadMissesServicedByOthers: 465, 465
		numInvalidatesSent: 585, 532
		numWriteMisses: 585, 532
		numReadOnInvalidMisses: 0, 0
		numWriteOnInvalidMisses: 0, 0
		numWriteOnSharedMisses: 59, 6
		numReadHits: 55405, 55405
		numReadMissesServicedByShared: 449, 354
		CPUId: 2, 2
		numReadRequestsSent: 618, 618
		numReadMisses: 618, 618
		numReadMissesServicedByModified: 16, 16
		numWriteHits: 15606, 15659
	CPU: 5
		numReadMissesServicedByOthers: 424, 424
		numInvalidatesSent: 574, 519
		numWriteMisses: 574, 519
		numReadOnInvalidMisses: 0, 0
		numWriteOnInvalidMisses: 0, 0
		numWriteOnSharedMisses: 60, 5
		numReadHits: 55092, 55092
		numReadMissesServicedByShared: 410, 360
		CPUId: 5, 5
		numReadRequestsSent: 594, 594
		numReadMisses: 594, 594
		numReadMissesServicedByModified: 14, 14
		numWriteHits: 15483, 15538
	CPU: 4
		numReadMissesServicedByOthers: 520, 520
		numInvalidatesSent: 559, 511
		numWriteMisses: 559, 511
		numReadOnInvalidMisses: 0, 0
		numWriteOnInvalidMisses: 0, 0
		numWriteOnSharedMisses: 54, 6
		numReadHits: 55402, 55402
		numReadMissesServicedByShared: 506, 429
		CPUId: 4, 4
		numReadRequestsSent: 613, 613
		numReadMisses: 613, 613
		numReadMissesServicedByModified: 14, 14
		numWriteHits: 15625, 15673
	CPU: 7
		numReadMissesServicedByOthers: 522, 522
		numInvalidatesSent: 553, 506
		numWriteMisses: 553, 506
		numReadOnInvalidMisses: 0, 0
		numWriteOnInvalidMisses: 0, 0
		numWriteOnSharedMisses: 53, 6
		numReadHits: 55094, 55094
		numReadMissesServicedByShared: 500, 437
		CPUId: 7, 7
		numReadRequestsSent: 585, 585
		numReadMisses: 585, 585
		numReadMissesServicedByModified: 22, 22
		numWriteHits: 15504, 15551
	CPU: 6
		numReadMissesServicedByOthers: 512, 512
		numInvalidatesSent: 583, 529
		numWriteMisses: 583, 529
		numReadOnInvalidMisses: 0, 0
		numWriteOnInvalidMisses: 0, 0
		numWriteOnSharedMisses: 61, 7
		numReadHits: 55104, 55104
		numReadMissesServicedByShared: 500, 458
		CPUId: 6, 6
		numReadRequestsSent: 591, 591
		numReadMisses: 591, 591
		numReadMissesServicedByModified: 12, 12
		numWriteHits: 15481, 15535
blackscholes
	CPU: 1
		numReadMissesServicedByOthers: 147, 147
		numInvalidatesSent: 132, 129
		numWriteMisses: 132, 129
		numReadOnInvalidMisses: 0, 0
		numWriteOnInvalidMisses: 0, 0
		numWriteOnSharedMisses: 8, 5
		numReadHits: 15782, 15782
		numReadMissesServicedByShared: 130, 42
		CPUId: 1, 1
		numReadRequestsSent: 185, 185
		numReadMisses: 185, 185
		numReadMissesServicedByModified: 17, 17
		numWriteHits: 6746, 6749
	CPU: 0
		numReadMissesServicedByOthers: 24, 24
		numInvalidatesSent: 945, 830
		numWriteMisses: 945, 830
		numReadOnInvalidMisses: 0, 0
		numWriteOnInvalidMisses: 0, 0
		numWriteOnSharedMisses: 128, 13
		numReadHits: 68787, 68787
		numReadMissesServicedByShared: 14, 14
		CPUId: 0, 0
		numReadRequestsSent: 3007, 3007
		numReadMisses: 3007, 3007
		numReadMissesServicedByModified: 10, 10
		numWriteHits: 25318, 25433
	CPU: 3
		numReadMissesServicedByOthers: 136, 136
		numInvalidatesSent: 129, 128
		numWriteMisses: 129, 128
		numReadOnInvalidMisses: 0, 0
		numWriteOnInvalidMisses: 0, 0
		numWriteOnSharedMisses: 4, 3
		numReadHits: 14197, 14197
		numReadMissesServicedByShared: 127, 111
		CPUId: 3, 3
		numReadRequestsSent: 152, 152
		numReadMisses: 152, 152
		numReadMissesServicedByModified: 9, 9
		numWriteHits: 6433, 6434
	CPU: 2
		numReadMissesServicedByOthers: 132, 132
		numInvalidatesSent: 131, 130
		numWriteMisses: 131, 130
		numReadOnInvalidMisses: 0, 0
		numWriteOnInvalidMisses: 0, 0
		numWriteOnSharedMisses: 6, 5
		numReadHits: 15196, 15196
		numReadMissesServicedByShared: 124, 92
		CPUId: 2, 2
		numReadRequestsSent: 160, 160
		numReadMisses: 160, 160
		numReadMissesServicedByModified: 8, 8
		numWriteHits: 6519, 6520
	CPU: 5
		numReadMissesServicedByOthers: 0, 0
		numInvalidatesSent: 0, 0
		numWriteMisses: 0, 0
		numReadOnInvalidMisses: 0, 0
		numWriteOnInvalidMisses: 0, 0
		numWriteOnSharedMisses: 0, 0
		numReadHits: 0, 0
		numReadMissesServicedByShared: 0, 0
		CPUId: 5, 5
		numReadRequestsSent: 0, 0
		numReadMisses: 0, 0
		numReadMissesServicedByModified: 0, 0
		numWriteHits: 0, 0
	CPU: 4
		numReadMissesServicedByOthers: 147, 147
		numInvalidatesSent: 128, 127
		numWriteMisses: 128, 127
		numReadOnInvalidMisses: 0, 0
		numWriteOnInvalidMisses: 0, 0
		numWriteOnSharedMisses: 4, 3
		numReadHits: 14199, 14199
		numReadMissesServicedByShared: 140, 127
		CPUId: 4, 4
		numReadRequestsSent: 150, 150
		numReadMisses: 150, 150
		numReadMissesServicedByModified: 7, 7
		numWriteHits: 6434, 6435
	CPU: 7
		numReadMissesServicedByOthers: 0, 0
		numInvalidatesSent: 0, 0
		numWriteMisses: 0, 0
		numReadOnInvalidMisses: 0, 0
		numWriteOnInvalidMisses: 0, 0
		numWriteOnSharedMisses: 0, 0
		numReadHits: 0, 0
		numReadMissesServicedByShared: 0, 0
		CPUId: 7, 7
		numReadRequestsSent: 0, 0
		numReadMisses: 0, 0
		numReadMissesServicedByModified: 0, 0
		numWriteHits: 0, 0
	CPU: 6
		numReadMissesServicedByOthers: 0, 0
		numInvalidatesSent: 0, 0
		numWriteMisses: 0, 0
		numReadOnInvalidMisses: 0, 0
		numWriteOnInvalidMisses: 0, 0
		numWriteOnSharedMisses: 0, 0
		numReadHits: 0, 0
		numReadMissesServicedByShared: 0, 0
		CPUId: 6, 6
		numReadRequestsSent: 0, 0
		numReadMisses: 0, 0
		numReadMissesServicedByModified: 0, 0
		numWriteHits: 0, 0
fluidanimate
	CPU: 1
		numReadMissesServicedByOthers: 1452, 1452
		numInvalidatesSent: 2706, 1681
		numWriteMisses: 2706, 1681
		numReadOnInvalidMisses: 0, 0
		numWriteOnInvalidMisses: 0, 0
		numWriteOnSharedMisses: 1584, 559
		numReadHits: 1325998, 1325998
		numReadMissesServicedByShared: 766, 641
		CPUId: 1, 1
		numReadRequestsSent: 4488, 4488
		numReadMisses: 4488, 4488
		numReadMissesServicedByModified: 686, 686
		numWriteHits: 258091, 259116
	CPU: 0
		numReadMissesServicedByOthers: 5316, 5316
		numInvalidatesSent: 68541, 39864
		numWriteMisses: 68541, 39864
		numReadOnInvalidMisses: 0, 0
		numWriteOnInvalidMisses: 0, 0
		numWriteOnSharedMisses: 30597, 1920
		numReadHits: 7929951, 7929951
		numReadMissesServicedByShared: 1959, 1721
		CPUId: 0, 0
		numReadRequestsSent: 50903, 50903
		numReadMisses: 50903, 50903
		numReadMissesServicedByModified: 3357, 3357
		numWriteHits: 3281045, 3309722
	CPU: 3
		numReadMissesServicedByOthers: 3640, 3640
		numInvalidatesSent: 4491, 2966
		numWriteMisses: 4491, 2966
		numReadOnInvalidMisses: 0, 0
		numWriteOnInvalidMisses: 0, 0
		numWriteOnSharedMisses: 3022, 1497
		numReadHits: 1816800, 1816800
		numReadMissesServicedByShared: 2201, 1646
		CPUId: 3, 3
		numReadRequestsSent: 7472, 7472
		numReadMisses: 7472, 7472
		numReadMissesServicedByModified: 1439, 1439
		numWriteHits: 319776, 321301
	CPU: 2
		numReadMissesServicedByOthers: 1906, 1906
		numInvalidatesSent: 2694, 1910
		numWriteMisses: 2694, 1910
		numReadOnInvalidMisses: 0, 0
		numWriteOnInvalidMisses: 0, 0
		numWriteOnSharedMisses: 1756, 972
		numReadHits: 1217993, 1217993
		numReadMissesServicedByShared: 852, 651
		CPUId: 2, 2
		numReadRequestsSent: 4096, 4096
		numReadMisses: 4096, 4096
		numReadMissesServicedByModified: 1054, 1054
		numWriteHits: 245448, 246232
	CPU: 5
		numReadMissesServicedByOthers: 3599, 3599
		numInvalidatesSent: 3875, 2360
		numWriteMisses: 3875, 2360
		numReadOnInvalidMisses: 0, 0
		numWriteOnInvalidMisses: 0, 0
		numWriteOnSharedMisses: 2681, 1166
		numReadHits: 1730607, 1730607
		numReadMissesServicedByShared: 2384, 2026
		CPUId: 5, 5
		numReadRequestsSent: 7347, 7347
		numReadMisses: 7347, 7347
		numReadMissesServicedByModified: 1215, 1215
		numWriteHits: 359073, 360588
	CPU: 4
		numReadMissesServicedByOthers: 3341, 3341
		numInvalidatesSent: 4273, 2816
		numWriteMisses: 4273, 2816
		numReadOnInvalidMisses: 0, 0
		numWriteOnInvalidMisses: 0, 0
		numWriteOnSharedMisses: 2951, 1494
		numReadHits: 1814559, 1814559
		numReadMissesServicedByShared: 1825, 1347
		CPUId: 4, 4
		numReadRequestsSent: 7222, 7222
		numReadMisses: 7222, 7222
		numReadMissesServicedByModified: 1516, 1516
		numWriteHits: 325777, 327234
	CPU: 7
		numReadMissesServicedByOthers: 1543, 1543
		numInvalidatesSent: 2943, 1718
		numWriteMisses: 2943, 1718
		numReadOnInvalidMisses: 0, 0
		numWriteOnInvalidMisses: 0, 0
		numWriteOnSharedMisses: 1789, 564
		numReadHits: 1411981, 1411981
		numReadMissesServicedByShared: 978, 778
		CPUId: 7, 7
		numReadRequestsSent: 4831, 4831
		numReadMisses: 4831, 4831
		numReadMissesServicedByModified: 565, 565
		numWriteHits: 279588, 280813
	CPU: 6
		numReadMissesServicedByOthers: 3374, 3374
		numInvalidatesSent: 4403, 2602
		numWriteMisses: 4403, 2602
		numReadOnInvalidMisses: 0, 0
		numWriteOnInvalidMisses: 0, 0
		numWriteOnSharedMisses: 3210, 1409
		numReadHits: 1573466, 1573466
		numReadMissesServicedByShared: 1831, 1568
		CPUId: 6, 6
		numReadRequestsSent: 7330, 7330
		numReadMisses: 7330, 7330
		numReadMissesServicedByModified: 1543, 1543
		numWriteHits: 326453, 328254
canneal
	CPU: 1
		numReadMissesServicedByOthers: 159, 159
		numInvalidatesSent: 148, 71
		numWriteMisses: 148, 71
		numReadOnInvalidMisses: 0, 0
		numWriteOnInvalidMisses: 0, 0
		numWriteOnSharedMisses: 87, 10
		numReadHits: 4301, 4301
		numReadMissesServicedByShared: 140, 38
		CPUId: 1, 1
		numReadRequestsSent: 275, 275
		numReadMisses: 275, 275
		numReadMissesServicedByModified: 19, 19
		numWriteHits: 2253, 2330
	CPU: 0
		numReadMissesServicedByOthers: 111, 111
		numInvalidatesSent: 2531, 2052
		numWriteMisses: 2531, 2052
		numReadOnInvalidMisses: 0, 0
		numWriteOnInvalidMisses: 0, 0
		numWriteOnSharedMisses: 507, 28
		numReadHits: 396187, 396187
		numReadMissesServicedByShared: 86, 82
		CPUId: 0, 0
		numReadRequestsSent: 10432, 10432
		numReadMisses: 10432, 10432
		numReadMissesServicedByModified: 25, 25
		numWriteHits: 143680, 144159
	CPU: 3
		numReadMissesServicedByOthers: 158, 158
		numInvalidatesSent: 147, 70
		numWriteMisses: 147, 70
		numReadOnInvalidMisses: 0, 0
		numWriteOnInvalidMisses: 0, 0
		numWriteOnSharedMisses: 86, 9
		numReadHits: 3328, 3328
		numReadMissesServicedByShared: 144, 136
		CPUId: 3, 3
		numReadRequestsSent: 243, 243
		numReadMisses: 243, 243
		numReadMissesServicedByModified: 14, 14
		numWriteHits: 1916, 1993
	CPU: 2
		numReadMissesServicedByOthers: 156, 156
		numInvalidatesSent: 145, 68
		numWriteMisses: 145, 68
		numReadOnInvalidMisses: 0, 0
		numWriteOnInvalidMisses: 0, 0
		numWriteOnSharedMisses: 85, 8
		numReadHits: 3325, 3325
		numReadMissesServicedByShared: 143, 121
		CPUId: 2, 2
		numReadRequestsSent: 240, 240
		numReadMisses: 240, 240
		numReadMissesServicedByModified: 13, 13
		numWriteHits: 1913, 1990
	CPU: 5
		numReadMissesServicedByOthers: 149, 149
		numInvalidatesSent: 144, 67
		numWriteMisses: 144, 67
		numReadOnInvalidMisses: 0, 0
		numWriteOnInvalidMisses: 0, 0
		numWriteOnSharedMisses: 84, 7
		numReadHits: 3687, 3687
		numReadMissesServicedByShared: 137, 122
		CPUId: 5, 5
		numReadRequestsSent: 253, 253
		numReadMisses: 253, 253
		numReadMissesServicedByModified: 12, 12
		numWriteHits: 2019, 2096
	CPU: 4
		numReadMissesServicedByOthers: 152, 152
		numInvalidatesSent: 145, 68
		numWriteMisses: 145, 68
		numReadOnInvalidMisses: 0, 0
		numWriteOnInvalidMisses: 0, 0
		numWriteOnSharedMisses: 84, 7
		numReadHits: 2994, 2994
		numReadMissesServicedByShared: 138, 133
		CPUId: 4, 4
		numReadRequestsSent: 233, 233
		numReadMisses: 233, 233
		numReadMissesServicedByModified: 14, 14
		numWriteHits: 1783, 1860
	CPU: 7
		numReadMissesServicedByOthers: 132, 132
		numInvalidatesSent: 141, 64
		numWriteMisses: 141, 64
		numReadOnInvalidMisses: 0, 0
		numWriteOnInvalidMisses: 0, 0
		numWriteOnSharedMisses: 83, 6
		numReadHits: 3061, 3061
		numReadMissesServicedByShared: 123, 110
		CPUId: 7, 7
		numReadRequestsSent: 214, 214
		numReadMisses: 214, 214
		numReadMissesServicedByModified: 9, 9
		numWriteHits: 1794, 1871
	CPU: 6
		numReadMissesServicedByOthers: 120, 120
		numInvalidatesSent: 140, 63
		numWriteMisses: 140, 63
		numReadOnInvalidMisses: 0, 0
		numWriteOnInvalidMisses: 0, 0
		numWriteOnSharedMisses: 84, 7
		numReadHits: 2699, 2699
		numReadMissesServicedByShared: 105, 104
		CPUId: 6, 6
		numReadRequestsSent: 199, 199
		numReadMisses: 199, 199
		numReadMissesServicedByModified: 15, 15
		numWriteHits: 1674, 1751
dedup
	CPU: 1
		numReadMissesServicedByOthers: 256, 256
		numInvalidatesSent: 1361, 1289
		numWriteMisses: 1361, 1289
		numReadOnInvalidMisses: 0, 0
		numWriteOnInvalidMisses: 0, 0
		numWriteOnSharedMisses: 113, 41
		numReadHits: 5590, 5590
		numReadMissesServicedByShared: 184, 99
		CPUId: 1, 1
		numReadRequestsSent: 420, 420
		numReadMisses: 420, 420
		numReadMissesServicedByModified: 72, 72
		numWriteHits: 7444, 7516
	CPU: 0
		numReadMissesServicedByOthers: 202, 202
		numInvalidatesSent: 19801583, 19801439
		numWriteMisses: 19801583, 19801439
		numReadOnInvalidMisses: 0, 0
		numWriteOnInvalidMisses: 0, 0
		numWriteOnSharedMisses: 229, 85
		numReadHits: 653325, 653325
		numReadMissesServicedByShared: 110, 85
		CPUId: 0, 0
		numReadRequestsSent: 3443, 3443
		numReadMisses: 3443, 3443
		numReadMissesServicedByModified: 92, 92
		numWriteHits: 59867239, 59867383
	CPU: 3
		numReadMissesServicedByOthers: 164, 164
		numInvalidatesSent: 165, 157
		numWriteMisses: 165, 157
		numReadOnInvalidMisses: 0, 0
		numWriteOnInvalidMisses: 0, 0
		numWriteOnSharedMisses: 39, 31
		numReadHits: 1019, 1019
		numReadMissesServicedByShared: 112, 106
		CPUId: 3, 3
		numReadRequestsSent: 193, 193
		numReadMisses: 193, 193
		numReadMissesServicedByModified: 52, 52
		numWriteHits: 959, 967
	CPU: 2
		numReadMissesServicedByOthers: 185, 185
		numInvalidatesSent: 173, 169
		numWriteMisses: 173, 169
		numReadOnInvalidMisses: 0, 0
		numWriteOnInvalidMisses: 0, 0
		numWriteOnSharedMisses: 37, 33
		numReadHits: 1644, 1644
		numReadMissesServicedByShared: 144, 117
		CPUId: 2, 2
		numReadRequestsSent: 206, 206
		numReadMisses: 206, 206
		numReadMissesServicedByModified: 41, 41
		numWriteHits: 1183, 1187
	CPU: 5
		numReadMissesServicedByOthers: 191, 191
		numInvalidatesSent: 140, 132
		numWriteMisses: 140, 132
		numReadOnInvalidMisses: 0, 0
		numWriteOnInvalidMisses: 0, 0
		numWriteOnSharedMisses: 46, 38
		numReadHits: 1463, 1463
		numReadMissesServicedByShared: 130, 111
		CPUId: 5, 5
		numReadRequestsSent: 219, 219
		numReadMisses: 219, 219
		numReadMissesServicedByModified: 61, 61
		numWriteHits: 862, 870
	CPU: 4
		numReadMissesServicedByOthers: 175, 175
		numInvalidatesSent: 164, 161
		numWriteMisses: 164, 161
		numReadOnInvalidMisses: 0, 0
		numWriteOnInvalidMisses: 0, 0
		numWriteOnSharedMisses: 30, 27
		numReadHits: 1252, 1252
		numReadMissesServicedByShared: 135, 130
		CPUId: 4, 4
		numReadRequestsSent: 184, 184
		numReadMisses: 184, 184
		numReadMissesServicedByModified: 40, 40
		numWriteHits: 1028, 1031
	CPU: 7
		numReadMissesServicedByOthers: 151, 151
		numInvalidatesSent: 122, 117
		numWriteMisses: 122, 117
		numReadOnInvalidMisses: 0, 0
		numWriteOnInvalidMisses: 0, 0
		numWriteOnSharedMisses: 37, 32
		numReadHits: 924, 924
		numReadMissesServicedByShared: 96, 94
		CPUId: 7, 7
		numReadRequestsSent: 172, 172
		numReadMisses: 172, 172
		numReadMissesServicedByModified: 55, 55
		numWriteHits: 679, 684
	CPU: 6
		numReadMissesServicedByOthers: 109, 109
		numInvalidatesSent: 118, 112
		numWriteMisses: 118, 112
		numReadOnInvalidMisses: 0, 0
		numWriteOnInvalidMisses: 0, 0
		numWriteOnSharedMisses: 42, 36
		numReadHits: 705, 705
		numReadMissesServicedByShared: 53, 50
		CPUId: 6, 6
		numReadRequestsSent: 122, 122
		numReadMisses: 122, 122
		numReadMissesServicedByModified: 56, 56
		numWriteHits: 575, 581
bodytrack
	CPU: 1
		numReadMissesServicedByOthers: 4793, 4793
		numInvalidatesSent: 126089, 124866
		numWriteMisses: 126089, 124866
		numReadOnInvalidMisses: 0, 0
		numWriteOnInvalidMisses: 0, 0
		numWriteOnSharedMisses: 1588, 365
		numReadHits: 12023473, 12023473
		numReadMissesServicedByShared: 3568, 774
		CPUId: 1, 1
		numReadRequestsSent: 108367, 108367
		numReadMisses: 108367, 108367
		numReadMissesServicedByModified: 1225, 1225
		numWriteHits: 1110096, 1111319
	CPU: 0
		numReadMissesServicedByOthers: 7546, 7546
		numInvalidatesSent: 196260, 151649
		numWriteMisses: 196260, 151649
		numReadOnInvalidMisses: 0, 0
		numWriteOnInvalidMisses: 0, 0
		numWriteOnSharedMisses: 45109, 498
		numReadHits: 28024659, 28024659
		numReadMissesServicedByShared: 6436, 1990
		CPUId: 0, 0
		numReadRequestsSent: 202383, 202383
		numReadMisses: 202383, 202383
		numReadMissesServicedByModified: 1110, 1110
		numWriteHits: 4855434, 4900045
	CPU: 3
		numReadMissesServicedByOthers: 4057, 4057
		numInvalidatesSent: 7645, 7600
		numWriteMisses: 7645, 7600
		numReadOnInvalidMisses: 0, 0
		numWriteOnInvalidMisses: 0, 0
		numWriteOnSharedMisses: 356, 311
		numReadHits: 5997066, 5997066
		numReadMissesServicedByShared: 2851, 602
		CPUId: 3, 3
		numReadRequestsSent: 11432, 11432
		numReadMisses: 11432, 11432
		numReadMissesServicedByModified: 1206, 1206
		numWriteHits: 449170, 449215
	CPU: 2
		numReadMissesServicedByOthers: 4072, 4072
		numInvalidatesSent: 7812, 7788
		numWriteMisses: 7812, 7788
		numReadOnInvalidMisses: 0, 0
		numWriteOnInvalidMisses: 0, 0
		numWriteOnSharedMisses: 334, 310
		numReadHits: 6311467, 6311467
		numReadMissesServicedByShared: 2572, 378
		CPUId: 2, 2
		numReadRequestsSent: 10501, 10501
		numReadMisses: 10501, 10501
		numReadMissesServicedByModified: 1500, 1500
		numWriteHits: 463686, 463710
	CPU: 5
		numReadMissesServicedByOthers: 4550, 4550
		numInvalidatesSent: 7299, 7254
		numWriteMisses: 7299, 7254
		numReadOnInvalidMisses: 0, 0
		numWriteOnInvalidMisses: 0, 0
		numWriteOnSharedMisses: 379, 334
		numReadHits: 5742641, 5742641
		numReadMissesServicedByShared: 3266, 1107
		CPUId: 5, 5
		numReadRequestsSent: 10832, 10832
		numReadMisses: 10832, 10832
		numReadMissesServicedByModified: 1284, 1284
		numWriteHits: 429233, 429278
	CPU: 4
		numReadMissesServicedByOthers: 3571, 3571
		numInvalidatesSent: 7742, 7697
		numWriteMisses: 7742, 7697
		numReadOnInvalidMisses: 0, 0
		numWriteOnInvalidMisses: 0, 0
		numWriteOnSharedMisses: 376, 331
		numReadHits: 6172998, 6172998
		numReadMissesServicedByShared: 2644, 612
		CPUId: 4, 4
		numReadRequestsSent: 10355, 10355
		numReadMisses: 10355, 10355
		numReadMissesServicedByModified: 927, 927
		numWriteHits: 457725, 457770
	CPU: 7
		numReadMissesServicedByOthers: 5690, 5690
		numInvalidatesSent: 7870, 7800
		numWriteMisses: 7870, 7800
		numReadOnInvalidMisses: 0, 0
		numWriteOnInvalidMisses: 0, 0
		numWriteOnSharedMisses: 382, 312
		numReadHits: 6122243, 6122243
		numReadMissesServicedByShared: 4667, 2769
		CPUId: 7, 7
		numReadRequestsSent: 14934, 14934
		numReadMisses: 14934, 14934
		numReadMissesServicedByModified: 1023, 1023
		numWriteHits: 466899, 466969
	CPU: 6
		numReadMissesServicedByOthers: 2974, 2974
		numInvalidatesSent: 7154, 7134
		numWriteMisses: 7154, 7134
		numReadOnInvalidMisses: 0, 0
		numWriteOnInvalidMisses: 0, 0
		numWriteOnSharedMisses: 318, 298
		numReadHits: 5714837, 5714837
		numReadMissesServicedByShared: 1688, 479
		CPUId: 6, 6
		numReadRequestsSent: 9375, 9375
		numReadMisses: 9375, 9375
		numReadMissesServicedByModified: 1286, 1286
		numWriteHits: 423435, 423455
ferret
	CPU: 1
		numReadMissesServicedByOthers: 1404, 1404
		numInvalidatesSent: 37751, 27669
		numWriteMisses: 37751, 27669
		numReadOnInvalidMisses: 0, 0
		numWriteOnInvalidMisses: 0, 0
		numWriteOnSharedMisses: 10214, 132
		numReadHits: 2661120, 2661120
		numReadMissesServicedByShared: 1194, 1013
		CPUId: 1, 1
		numReadRequestsSent: 46888, 46888
		numReadMisses: 46888, 46888
		numReadMissesServicedByModified: 210, 210
		numWriteHits: 902534, 912616
	CPU: 0
		numReadMissesServicedByOthers: 1102, 1102
		numInvalidatesSent: 7336, 4792
		numWriteMisses: 7336, 4792
		numReadOnInvalidMisses: 0, 0
		numWriteOnInvalidMisses: 0, 0
		numWriteOnSharedMisses: 2694, 150
		numReadHits: 2260634, 2260634
		numReadMissesServicedByShared: 1002, 956
		CPUId: 0, 0
		numReadRequestsSent: 10105, 10105
		numReadMisses: 10105, 10105
		numReadMissesServicedByModified: 100, 100
		numWriteHits: 900906, 903450
	CPU: 3
		numReadMissesServicedByOthers: 542, 542
		numInvalidatesSent: 60955, 28095
		numWriteMisses: 60955, 28095
		numReadOnInvalidMisses: 0, 0
		numWriteOnInvalidMisses: 0, 0
		numWriteOnSharedMisses: 32952, 92
		numReadHits: 2761318, 2761318
		numReadMissesServicedByShared: 426, 389
		CPUId: 3, 3
		numReadRequestsSent: 104117, 104117
		numReadMisses: 104117, 104117
		numReadMissesServicedByModified: 116, 116
		numWriteHits: 1091609, 1124469
	CPU: 2
		numReadMissesServicedByOthers: 1324, 1324
		numInvalidatesSent: 2851, 2507
		numWriteMisses: 2851, 2507
		numReadOnInvalidMisses: 0, 0
		numWriteOnInvalidMisses: 0, 0
		numWriteOnSharedMisses: 504, 160
		numReadHits: 905797, 905797
		numReadMissesServicedByShared: 708, 630
		CPUId: 2, 2
		numReadRequestsSent: 3231, 3231
		numReadMisses: 3231, 3231
		numReadMissesServicedByModified: 616, 616
		numWriteHits: 343404, 343748
	CPU: 5
		numReadMissesServicedByOthers: 363, 363
		numInvalidatesSent: 559, 396
		numWriteMisses: 559, 396
		numReadOnInvalidMisses: 0, 0
		numWriteOnInvalidMisses: 0, 0
		numWriteOnSharedMisses: 234, 71
		numReadHits: 13118, 13118
		numReadMissesServicedByShared: 274, 263
		CPUId: 5, 5
		numReadRequestsSent: 671, 671
		numReadMisses: 671, 671
		numReadMissesServicedByModified: 89, 89
		numWriteHits: 6383, 6546
	CPU: 4
		numReadMissesServicedByOthers: 364, 364
		numInvalidatesSent: 441, 341
		numWriteMisses: 441, 341
		numReadOnInvalidMisses: 0, 0
		numWriteOnInvalidMisses: 0, 0
		numWriteOnSharedMisses: 170, 70
		numReadHits: 15255, 15255
		numReadMissesServicedByShared: 269, 246
		CPUId: 4, 4
		numReadRequestsSent: 563, 563
		numReadMisses: 563, 563
		numReadMissesServicedByModified: 95, 95
		numWriteHits: 7286, 7386
	CPU: 7
		numReadMissesServicedByOthers: 365, 365
		numInvalidatesSent: 418, 322
		numWriteMisses: 418, 322
		numReadOnInvalidMisses: 0, 0
		numWriteOnInvalidMisses: 0, 0
		numWriteOnSharedMisses: 172, 76
		numReadHits: 14555, 14555
		numReadMissesServicedByShared: 259, 227
		CPUId: 7, 7
		numReadRequestsSent: 565, 565
		numReadMisses: 565, 565
		numReadMissesServicedByModified: 106, 106
		numWriteHits: 6993, 7089
	CPU: 6
		numReadMissesServicedByOthers: 387, 387
		numInvalidatesSent: 484, 384
		numWriteMisses: 484, 384
		numReadOnInvalidMisses: 0, 0
		numWriteOnInvalidMisses: 0, 0
		numWriteOnSharedMisses: 175, 75
		numReadHits: 16503, 16503
		numReadMissesServicedByShared: 305, 254
		CPUId: 6, 6
		numReadRequestsSent: 592, 592
		numReadMisses: 592, 592
		numReadMissesServicedByModified: 82, 82
		numWriteHits: 7793, 7893
freqmine
	CPU: 1
		numReadMissesServicedByOthers: 0, 0
		numInvalidatesSent: 0, 0
		numWriteMisses: 0, 0
		numReadOnInvalidMisses: 0, 0
		numWriteOnInvalidMisses: 0, 0
		numWriteOnSharedMisses: 0, 0
		numReadHits: 0, 0
		numReadMissesServicedByShared: 0, 0
		CPUId: 1, 1
		numReadRequestsSent: 0, 0
		numReadMisses: 0, 0
		numReadMissesServicedByModified: 0, 0
		numWriteHits: 0, 0
	CPU: 0
		numReadMissesServicedByOthers: 0, 0
		numInvalidatesSent: 187391, 146754
		numWriteMisses: 187391, 146754
		numReadOnInvalidMisses: 0, 0
		numWriteOnInvalidMisses: 0, 0
		numWriteOnSharedMisses: 40637, 0
		numReadHits: 3857788, 3857788
		numReadMissesServicedByShared: 0, 0
		CPUId: 0, 0
		numReadRequestsSent: 62487, 62487
		numReadMisses: 62487, 62487
		numReadMissesServicedByModified: 0, 0
		numWriteHits: 2568192, 2608829
	CPU: 3
		numReadMissesServicedByOthers: 0, 0
		numInvalidatesSent: 0, 0
		numWriteMisses: 0, 0
		numReadOnInvalidMisses: 0, 0
		numWriteOnInvalidMisses: 0, 0
		numWriteOnSharedMisses: 0, 0
		numReadHits: 0, 0
		numReadMissesServicedByShared: 0, 0
		CPUId: 3, 3
		numReadRequestsSent: 0, 0
		numReadMisses: 0, 0
		numReadMissesServicedByModified: 0, 0
		numWriteHits: 0, 0
	CPU: 2
		numReadMissesServicedByOthers: 0, 0
		numInvalidatesSent: 0, 0
		numWriteMisses: 0, 0
		numReadOnInvalidMisses: 0, 0
		numWriteOnInvalidMisses: 0, 0
		numWriteOnSharedMisses: 0, 0
		numReadHits: 0, 0
		numReadMissesServicedByShared: 0, 0
		CPUId: 2, 2
		numReadRequestsSent: 0, 0
		numReadMisses: 0, 0
		numReadMissesServicedByModified: 0, 0
		numWriteHits: 0, 0
	CPU: 5
		numReadMissesServicedByOthers: 0, 0
		numInvalidatesSent: 0, 0
		numWriteMisses: 0, 0
		numReadOnInvalidMisses: 0, 0
		numWriteOnInvalidMisses: 0, 0
		numWriteOnSharedMisses: 0, 0
		numReadHits: 0, 0
		numReadMissesServicedByShared: 0, 0
		CPUId: 5, 5
		numReadRequestsSent: 0, 0
		numReadMisses: 0, 0
		numReadMissesServicedByModified: 0, 0
		numWriteHits: 0, 0
	CPU: 4
		numReadMissesServicedByOthers: 0, 0
		numInvalidatesSent: 0, 0
		numWriteMisses: 0, 0
		numReadOnInvalidMisses: 0, 0
		numWriteOnInvalidMisses: 0, 0
		numWriteOnSharedMisses: 0, 0
		numReadHits: 0, 0
		numReadMissesServicedByShared: 0, 0
		CPUId: 4, 4
		numReadRequestsSent: 0, 0
		numReadMisses: 0, 0
		numReadMissesServicedByModified: 0, 0
		numWriteHits: 0, 0
	CPU: 7
		numReadMissesServicedByOthers: 0, 0
		numInvalidatesSent: 0, 0
		numWriteMisses: 0, 0
		numReadOnInvalidMisses: 0, 0
		numWriteOnInvalidMisses: 0, 0
		numWriteOnSharedMisses: 0, 0
		numReadHits: 0, 0
		numReadMissesServicedByShared: 0, 0
		CPUId: 7, 7
		numReadRequestsSent: 0, 0
		numReadMisses: 0, 0
		numReadMissesServicedByModified: 0, 0
		numWriteHits: 0, 0
	CPU: 6
		numReadMissesServicedByOthers: 0, 0
		numInvalidatesSent: 0, 0
		numWriteMisses: 0, 0
		numReadOnInvalidMisses: 0, 0
		numWriteOnInvalidMisses: 0, 0
		numWriteOnSharedMisses: 0, 0
		numReadHits: 0, 0
		numReadMissesServicedByShared: 0, 0
		CPUId: 6, 6
		numReadRequestsSent: 0, 0
		numReadMisses: 0, 0
		numReadMissesServicedByModified: 0, 0
		numWriteHits: 0, 0
facesim
	CPU: 1
		numReadMissesServicedByOthers: 0, 0
		numInvalidatesSent: 0, 0
		numWriteMisses: 0, 0
		numReadOnInvalidMisses: 0, 0
		numWriteOnInvalidMisses: 0, 0
		numWriteOnSharedMisses: 0, 0
		numReadHits: 0, 0
		numReadMissesServicedByShared: 0, 0
		CPUId: 1, 1
		numReadRequestsSent: 0, 0
		numReadMisses: 0, 0
		numReadMissesServicedByModified: 0, 0
		numWriteHits: 0, 0
	CPU: 0
		numReadMissesServicedByOthers: 0, 0
		numInvalidatesSent: 2158, 1847
		numWriteMisses: 2158, 1847
		numReadOnInvalidMisses: 0, 0
		numWriteOnInvalidMisses: 0, 0
		numWriteOnSharedMisses: 311, 0
		numReadHits: 362346, 362346
		numReadMissesServicedByShared: 0, 0
		CPUId: 0, 0
		numReadRequestsSent: 10193, 10193
		numReadMisses: 10193, 10193
		numReadMissesServicedByModified: 0, 0
		numWriteHits: 126513, 126824
	CPU: 3
		numReadMissesServicedByOthers: 0, 0
		numInvalidatesSent: 0, 0
		numWriteMisses: 0, 0
		numReadOnInvalidMisses: 0, 0
		numWriteOnInvalidMisses: 0, 0
		numWriteOnSharedMisses: 0, 0
		numReadHits: 0, 0
		numReadMissesServicedByShared: 0, 0
		CPUId: 3, 3
		numReadRequestsSent: 0, 0
		numReadMisses: 0, 0
		numReadMissesServicedByModified: 0, 0
		numWriteHits: 0, 0
	CPU: 2
		numReadMissesServicedByOthers: 0, 0
		numInvalidatesSent: 0, 0
		numWriteMisses: 0, 0
		numReadOnInvalidMisses: 0, 0
		numWriteOnInvalidMisses: 0, 0
		numWriteOnSharedMisses: 0, 0
		numReadHits: 0, 0
		numReadMissesServicedByShared: 0, 0
		CPUId: 2, 2
		numReadRequestsSent: 0, 0
		numReadMisses: 0, 0
		numReadMissesServicedByModified: 0, 0
		numWriteHits: 0, 0
	CPU: 5
		numReadMissesServicedByOthers: 0, 0
		numInvalidatesSent: 0, 0
		numWriteMisses: 0, 0
		numReadOnInvalidMisses: 0, 0
		numWriteOnInvalidMisses: 0, 0
		numWriteOnSharedMisses: 0, 0
		numReadHits: 0, 0
		numReadMissesServicedByShared: 0, 0
		CPUId: 5, 5
		numReadRequestsSent: 0, 0
		numReadMisses: 0, 0
		numReadMissesServicedByModified: 0, 0
		numWriteHits: 0, 0
	CPU: 4
		numReadMissesServicedByOthers: 0, 0
		numInvalidatesSent: 0, 0
		numWriteMisses: 0, 0
		numReadOnInvalidMisses: 0, 0
		numWriteOnInvalidMisses: 0, 0
		numWriteOnSharedMisses: 0, 0
		numReadHits: 0, 0
		numReadMissesServicedByShared: 0, 0
		CPUId: 4, 4
		numReadRequestsSent: 0, 0
		numReadMisses: 0, 0
		numReadMissesServicedByModified: 0, 0
		numWriteHits: 0, 0
	CPU: 7
		numReadMissesServicedByOthers: 0, 0
		numInvalidatesSent: 0, 0
		numWriteMisses: 0, 0
		numReadOnInvalidMisses: 0, 0
		numWriteOnInvalidMisses: 0, 0
		numWriteOnSharedMisses: 0, 0
		numReadHits: 0, 0
		numReadMissesServicedByShared: 0, 0
		CPUId: 7, 7
		numReadRequestsSent: 0, 0
		numReadMisses: 0, 0
		numReadMissesServicedByModified: 0, 0
		numWriteHits: 0, 0
	CPU: 6
		numReadMissesServicedByOthers: 0, 0
		numInvalidatesSent: 0, 0
		numWriteMisses: 0, 0
		numReadOnInvalidMisses: 0, 0
		numWriteOnInvalidMisses: 0, 0
		numWriteOnSharedMisses: 0, 0
		numReadHits: 0, 0
		numReadMissesServicedByShared: 0, 0
		CPUId: 6, 6
		numReadRequestsSent: 0, 0
		numReadMisses: 0, 0
		numReadMissesServicedByModified: 0, 0
		numWriteHits: 0, 0
x264
	CPU: 1
		numReadMissesServicedByOthers: 0, 0
		numInvalidatesSent: 0, 0
		numWriteMisses: 0, 0
		numReadOnInvalidMisses: 0, 0
		numWriteOnInvalidMisses: 0, 0
		numWriteOnSharedMisses: 0, 0
		numReadHits: 0, 0
		numReadMissesServicedByShared: 0, 0
		CPUId: 1, 1
		numReadRequestsSent: 0, 0
		numReadMisses: 0, 0
		numReadMissesServicedByModified: 0, 0
		numWriteHits: 0, 0
	CPU: 0
		numReadMissesServicedByOthers: 0, 0
		numInvalidatesSent: 6093, 4730
		numWriteMisses: 6093, 4730
		numReadOnInvalidMisses: 0, 0
		numWriteOnInvalidMisses: 0, 0
		numWriteOnSharedMisses: 1363, 0
		numReadHits: 145319, 145319
		numReadMissesServicedByShared: 0, 0
		CPUId: 0, 0
		numReadRequestsSent: 6029, 6029
		numReadMisses: 6029, 6029
		numReadMissesServicedByModified: 0, 0
		numWriteHits: 71303, 72666
	CPU: 3
		numReadMissesServicedByOthers: 0, 0
		numInvalidatesSent: 0, 0
		numWriteMisses: 0, 0
		numReadOnInvalidMisses: 0, 0
		numWriteOnInvalidMisses: 0, 0
		numWriteOnSharedMisses: 0, 0
		numReadHits: 0, 0
		numReadMissesServicedByShared: 0, 0
		CPUId: 3, 3
		numReadRequestsSent: 0, 0
		numReadMisses: 0, 0
		numReadMissesServicedByModified: 0, 0
		numWriteHits: 0, 0
	CPU: 2
		numReadMissesServicedByOthers: 0, 0
		numInvalidatesSent: 0, 0
		numWriteMisses: 0, 0
		numReadOnInvalidMisses: 0, 0
		numWriteOnInvalidMisses: 0, 0
		numWriteOnSharedMisses: 0, 0
		numReadHits: 0, 0
		numReadMissesServicedByShared: 0, 0
		CPUId: 2, 2
		numReadRequestsSent: 0, 0
		numReadMisses: 0, 0
		numReadMissesServicedByModified: 0, 0
		numWriteHits: 0, 0
	CPU: 5
		numReadMissesServicedByOthers: 0, 0
		numInvalidatesSent: 0, 0
		numWriteMisses: 0, 0
		numReadOnInvalidMisses: 0, 0
		numWriteOnInvalidMisses: 0, 0
		numWriteOnSharedMisses: 0, 0
		numReadHits: 0, 0
		numReadMissesServicedByShared: 0, 0
		CPUId: 5, 5
		numReadRequestsSent: 0, 0
		numReadMisses: 0, 0
		numReadMissesServicedByModified: 0, 0
		numWriteHits: 0, 0
	CPU: 4
		numReadMissesServicedByOthers: 0, 0
		numInvalidatesSent: 0, 0
		numWriteMisses: 0, 0
		numReadOnInvalidMisses: 0, 0
		numWriteOnInvalidMisses: 0, 0
		numWriteOnSharedMisses: 0, 0
		numReadHits: 0, 0
		numReadMissesServicedByShared: 0, 0
		CPUId: 4, 4
		numReadRequestsSent: 0, 0
		numReadMisses: 0, 0
		numReadMissesServicedByModified: 0, 0
		numWriteHits: 0, 0
	CPU: 7
		numReadMissesServicedByOthers: 0, 0
		numInvalidatesSent: 0, 0
		numWriteMisses: 0, 0
		numReadOnInvalidMisses: 0, 0
		numWriteOnInvalidMisses: 0, 0
		numWriteOnSharedMisses: 0, 0
		numReadHits: 0, 0
		numReadMissesServicedByShared: 0, 0
		CPUId: 7, 7
		numReadRequestsSent: 0, 0
		numReadMisses: 0, 0
		numReadMissesServicedByModified: 0, 0
		numWriteHits: 0, 0
	CPU: 6
		numReadMissesServicedByOthers: 0, 0
		numInvalidatesSent: 0, 0
		numWriteMisses: 0, 0
		numReadOnInvalidMisses: 0, 0
		numWriteOnInvalidMisses: 0, 0
		numWriteOnSharedMisses: 0, 0
		numReadHits: 0, 0
		numReadMissesServicedByShared: 0, 0
		CPUId: 6, 6
		numReadRequestsSent: 0, 0
		numReadMisses: 0, 0
		numReadMissesServicedByModified: 0, 0
		numWriteHits: 0, 0
streamcluster
	CPU: 1
		numReadMissesServicedByOthers: 20762, 20762
		numInvalidatesSent: 9520, 9516
		numWriteMisses: 9520, 9516
		numReadOnInvalidMisses: 0, 0
		numWriteOnInvalidMisses: 0, 0
		numWriteOnSharedMisses: 9185, 9181
		numReadHits: 258281, 258281
		numReadMissesServicedByShared: 12109, 12018
		CPUId: 1, 1
		numReadRequestsSent: 20829, 20829
		numReadMisses: 20829, 20829
		numReadMissesServicedByModified: 8653, 8653
		numWriteHits: 116793, 116797
	CPU: 0
		numReadMissesServicedByOthers: 21031, 21031
		numInvalidatesSent: 10865, 10601
		numWriteMisses: 10865, 10601
		numReadOnInvalidMisses: 0, 0
		numWriteOnInvalidMisses: 0, 0
		numWriteOnSharedMisses: 8443, 8179
		numReadHits: 585761, 585761
		numReadMissesServicedByShared: 12857, 12837
		CPUId: 0, 0
		numReadRequestsSent: 30558, 30558
		numReadMisses: 30558, 30558
		numReadMissesServicedByModified: 8174, 8174
		numWriteHits: 231626, 231890
	CPU: 3
		numReadMissesServicedByOthers: 21409, 21409
		numInvalidatesSent: 8577, 8575
		numWriteMisses: 8577, 8575
		numReadOnInvalidMisses: 0, 0
		numWriteOnInvalidMisses: 0, 0
		numWriteOnSharedMisses: 8129, 8127
		numReadHits: 244164, 244164
		numReadMissesServicedByShared: 13083, 13049
		CPUId: 3, 3
		numReadRequestsSent: 21428, 21428
		numReadMisses: 21428, 21428
		numReadMissesServicedByModified: 8326, 8326
		numWriteHits: 111342, 111344
	CPU: 2
		numReadMissesServicedByOthers: 21244, 21244
		numInvalidatesSent: 8478, 8477
		numWriteMisses: 8478, 8477
		numReadOnInvalidMisses: 0, 0
		numWriteOnInvalidMisses: 0, 0
		numWriteOnSharedMisses: 8083, 8082
		numReadHits: 243923, 243923
		numReadMissesServicedByShared: 12942, 12919
		CPUId: 2, 2
		numReadRequestsSent: 21251, 21251
		numReadMisses: 21251, 21251
		numReadMissesServicedByModified: 8302, 8302
		numWriteHits: 110568, 110569
	CPU: 5
		numReadMissesServicedByOthers: 21177, 21177
		numInvalidatesSent: 8391, 8390
		numWriteMisses: 8391, 8390
		numReadOnInvalidMisses: 0, 0
		numWriteOnInvalidMisses: 0, 0
		numWriteOnSharedMisses: 7980, 7979
		numReadHits: 232611, 232611
		numReadMissesServicedByShared: 13019, 13011
		CPUId: 5, 5
		numReadRequestsSent: 21183, 21183
		numReadMisses: 21183, 21183
		numReadMissesServicedByModified: 8158, 8158
		numWriteHits: 107570, 107571
	CPU: 4
		numReadMissesServicedByOthers: 21776, 21776
		numInvalidatesSent: 8715, 8714
		numWriteMisses: 8715, 8714
		numReadOnInvalidMisses: 0, 0
		numWriteOnInvalidMisses: 0, 0
		numWriteOnSharedMisses: 8405, 8404
		numReadHits: 241143, 241143
		numReadMissesServicedByShared: 13079, 13061
		CPUId: 4, 4
		numReadRequestsSent: 21798, 21798
		numReadMisses: 21798, 21798
		numReadMissesServicedByModified: 8697, 8697
		numWriteHits: 109398, 109399
	CPU: 7
		numReadMissesServicedByOthers: 21487, 21487
		numInvalidatesSent: 8606, 8605
		numWriteMisses: 8606, 8605
		numReadOnInvalidMisses: 0, 0
		numWriteOnInvalidMisses: 0, 0
		numWriteOnSharedMisses: 8211, 8210
		numReadHits: 235894, 235894
		numReadMissesServicedByShared: 13135, 13119
		CPUId: 7, 7
		numReadRequestsSent: 21498, 21498
		numReadMisses: 21498, 21498
		numReadMissesServicedByModified: 8352, 8352
		numWriteHits: 108768, 108769
	CPU: 6
		numReadMissesServicedByOthers: 21291, 21291
		numInvalidatesSent: 8518, 8517
		numWriteMisses: 8518, 8517
		numReadOnInvalidMisses: 0, 0
		numWriteOnInvalidMisses: 0, 0
		numWriteOnSharedMisses: 8152, 8151
		numReadHits: 233438, 233438
		numReadMissesServicedByShared: 13113, 13100
		CPUId: 6, 6
		numReadRequestsSent: 21311, 21311
		numReadMisses: 21311, 21311
		numReadMissesServicedByModified: 8178, 8178
		numWriteHits: 108186, 108187
raytrace
	CPU: 1
		numReadMissesServicedByOthers: 206, 206
		numInvalidatesSent: 45, 44
		numWriteMisses: 45, 44
		numReadOnInvalidMisses: 0, 0
		numWriteOnInvalidMisses: 0, 0
		numWriteOnSharedMisses: 20, 19
		numReadHits: 1947, 1947
		numReadMissesServicedByShared: 181, 93
		CPUId: 1, 1
		numReadRequestsSent: 225, 225
		numReadMisses: 225, 225
		numReadMissesServicedByModified: 25, 25
		numWriteHits: 825, 826
	CPU: 0
		numReadMissesServicedByOthers: 121, 121
		numInvalidatesSent: 3773, 3166
		numWriteMisses: 3773, 3166
		numReadOnInvalidMisses: 0, 0
		numWriteOnInvalidMisses: 0, 0
		numWriteOnSharedMisses: 637, 30
		numReadHits: 696930, 696930
		numReadMissesServicedByShared: 99, 95
		CPUId: 0, 0
		numReadRequestsSent: 20371, 20371
		numReadMisses: 20371, 20371
		numReadMissesServicedByModified: 22, 22
		numWriteHits: 262319, 262926
	CPU: 3
		numReadMissesServicedByOthers: 196, 196
		numInvalidatesSent: 48, 45
		numWriteMisses: 48, 45
		numReadOnInvalidMisses: 0, 0
		numWriteOnInvalidMisses: 0, 0
		numWriteOnSharedMisses: 24, 21
		numReadHits: 1335, 1335
		numReadMissesServicedByShared: 175, 154
		CPUId: 3, 3
		numReadRequestsSent: 200, 200
		numReadMisses: 200, 200
		numReadMissesServicedByModified: 21, 21
		numWriteHits: 544, 547
	CPU: 2
		numReadMissesServicedByOthers: 198, 198
		numInvalidatesSent: 171, 156
		numWriteMisses: 171, 156
		numReadOnInvalidMisses: 0, 0
		numWriteOnInvalidMisses: 0, 0
		numWriteOnSharedMisses: 30, 15
		numReadHits: 291847, 291847
		numReadMissesServicedByShared: 162, 137
		CPUId: 2, 2
		numReadRequestsSent: 243, 243
		numReadMisses: 243, 243
		numReadMissesServicedByModified: 36, 36
		numWriteHits: 143897, 143912
	CPU: 5
		numReadMissesServicedByOthers: 181, 181
		numInvalidatesSent: 46, 44
		numWriteMisses: 46, 44
		numReadOnInvalidMisses: 0, 0
		numWriteOnInvalidMisses: 0, 0
		numWriteOnSharedMisses: 23, 21
		numReadHits: 1749, 1749
		numReadMissesServicedByShared: 161, 149
		CPUId: 5, 5
		numReadRequestsSent: 210, 210
		numReadMisses: 210, 210
		numReadMissesServicedByModified: 20, 20
		numWriteHits: 693, 695
	CPU: 4
		numReadMissesServicedByOthers: 191, 191
		numInvalidatesSent: 44, 43
		numWriteMisses: 44, 43
		numReadOnInvalidMisses: 0, 0
		numWriteOnInvalidMisses: 0, 0
		numWriteOnSharedMisses: 21, 20
		numReadHits: 1671, 1671
		numReadMissesServicedByShared: 167, 146
		CPUId: 4, 4
		numReadRequestsSent: 214, 214
		numReadMisses: 214, 214
		numReadMissesServicedByModified: 24, 24
		numWriteHits: 669, 670
	CPU: 7
		numReadMissesServicedByOthers: 145, 145
		numInvalidatesSent: 42, 38
		numWriteMisses: 42, 38
		numReadOnInvalidMisses: 0, 0
		numWriteOnInvalidMisses: 0, 0
		numWriteOnSharedMisses: 21, 17
		numReadHits: 1500, 1500
		numReadMissesServicedByShared: 131, 124
		CPUId: 7, 7
		numReadRequestsSent: 170, 170
		numReadMisses: 170, 170
		numReadMissesServicedByModified: 14, 14
		numWriteHits: 569, 573
	CPU: 6
		numReadMissesServicedByOthers: 154, 154
		numInvalidatesSent: 44, 43
		numWriteMisses: 44, 43
		numReadOnInvalidMisses: 0, 0
		numWriteOnInvalidMisses: 0, 0
		numWriteOnSharedMisses: 19, 18
		numReadHits: 1156, 1156
		numReadMissesServicedByShared: 133, 126
		CPUId: 6, 6
		numReadRequestsSent: 155, 155
		numReadMisses: 155, 155
		numReadMissesServicedByModified: 21, 21
		numWriteHits: 551, 552
